(F01) ID=0003, [Setup] (2.5, 11.5) - In
(F01) ID=0003, [Setup] (2.5, 11.5) - Out
(F01) ID=0004, [°”°ų1] (2.5, 14.5) - In
(F01) ID=0004, [°”°ų1] (2.5, 14.5) - Out
(F01) ID=0005, [°”°ų2] (2.5, 17.0) - In
(F01) ID=0005, [°”°ų2] (2.5, 17.0) - Out
(F01) ID=0006, [¼¼Ć“1] (5.0, 18.0) - In
(F01) ID=0006, [¼¼Ć“1] (5.0, 18.0) - Out
(F01) ID=0007, [¼¼Ć“2] (6.5, 18.0) - In
(F01) ID=0007, [¼¼Ć“2] (6.5, 18.0) - Out
(F01) ID=0011, [Setup1] (17.5, 11.5) - In
(F01) ID=0011, [Setup1] (17.5, 11.5) - Out
(F01) ID=0012, [°”°ų3] (17.5, 17.5) - In
(F01) ID=0012, [°”°ų3] (17.5, 17.5) - Out
(F01) ID=0013, [°”°ų4] (17.5, 15.0) - In
(F01) ID=0013, [°”°ų4] (17.5, 15.0) - Out
(F01) ID=0014, [¼¼Ć“3] (15.0, 18.0) - In
(F01) ID=0014, [¼¼Ć“3] (15.0, 18.0) - Out
(F01) ID=0015, [¼¼Ć“4] (13.5, 18.0) - In
(F01) ID=0015, [¼¼Ć“4] (13.5, 18.0) - Out
(F01) ID=0032, [Setup2] (28.0, 11.5) - In
(F01) ID=0032, [Setup2] (28.0, 11.5) - Out
(F01) ID=0033, [°”°ų5] (28.0, 17.5) - In
(F01) ID=0033, [°”°ų5] (28.0, 17.5) - Out
(F01) ID=0034, [°”°ų6] (28.0, 15.0) - In
(F01) ID=0034, [°”°ų6] (28.0, 15.0) - Out
(F01) ID=0035, [¼¼Ć“5] (25.5, 18.0) - In
(F01) ID=0035, [¼¼Ć“5] (25.5, 18.0) - Out
(F01) ID=0036, [¼¼Ć“6] (24.0, 18.0) - In
(F01) ID=0036, [¼¼Ć“6] (24.0, 18.0) - Out
(F01) ID=0039, [Setup3] (2.5, 8.0) - In
(F01) ID=0039, [Setup3] (2.5, 8.0) - Out
(F01) ID=0040, [°”°ų7] (2.5, 5.0) - In
(F01) ID=0040, [°”°ų7] (2.5, 5.0) - Out
(F01) ID=0041, [°”°ų8] (2.5, 2.5) - In
(F01) ID=0041, [°”°ų8] (2.5, 2.5) - Out
(F01) ID=0042, [¼¼Ć“7] (5.0, 1.5) - In
(F01) ID=0042, [¼¼Ć“7] (5.0, 1.5) - Out
(F01) ID=0043, [¼¼Ć“8] (6.5, 1.5) - In
(F01) ID=0043, [¼¼Ć“8] (6.5, 1.5) - Out
(F01) ID=0046, [Setup4] (17.5, 7.5) - In
(F01) ID=0046, [Setup4] (17.5, 7.5) - Out
(F01) ID=0047, [°”°ų9] (17.5, 2.0) - In
(F01) ID=0047, [°”°ų9] (17.5, 2.0) - Out
(F01) ID=0048, [°”°ų10] (17.5, 4.5) - In
(F01) ID=0048, [°”°ų10] (17.5, 4.5) - Out
(F01) ID=0049, [¼¼Ć“9] (15.0, 1.5) - In
(F01) ID=0049, [¼¼Ć“9] (15.0, 1.5) - Out
(F01) ID=0050, [¼¼Ć“10] (13.5, 1.5) - In
(F01) ID=0050, [¼¼Ć“10] (13.5, 1.5) - Out
(F01) ID=0053, [Setup5] (28.0, 8.0) - In
(F01) ID=0053, [Setup5] (28.0, 8.0) - Out
(F01) ID=0054, [°”°ų11] (28.0, 2.0) - In
(F01) ID=0054, [°”°ų11] (28.0, 2.0) - Out
(F01) ID=0055, [°”°ų12] (28.0, 4.5) - In
(F01) ID=0055, [°”°ų12] (28.0, 4.5) - Out
(F01) ID=0056, [¼¼Ć“11] (25.5, 1.5) - In
(F01) ID=0056, [¼¼Ć“11] (25.5, 1.5) - Out
(F01) ID=0057, [¼¼Ć“12] (24.0, 1.5) - In
(F01) ID=0057, [¼¼Ć“12] (24.0, 1.5) - Out
